# JRE version: Java(TM) SE Runtime Environment (7.0_40-b43) (build 1.7.0_40-b43)
# Java VM: Java HotSpot(TM) 64-Bit Server VM (24.0-b56 mixed mode linux-amd64 compressed oops)
Heap
 par new generation   total 230400K, used 95676K [0x00000000bb400000, 0x00000000cae00000, 0x00000000cae00000)
  eden space 204800K,  45% used [0x00000000bb400000, 0x00000000c0e741a8, 0x00000000c7c00000)
  from space 25600K,  11% used [0x00000000c7c00000, 0x00000000c7efb1b0, 0x00000000c9500000)
  to   space 25600K,   0% used [0x00000000c9500000, 0x00000000c9500000, 0x00000000cae00000)
 concurrent mark-sweep generation total 512000K, used 185124K [0x00000000cae00000, 0x00000000ea200000, 0x00000000ea200000)
 concurrent-mark-sweep perm gen total 303992K, used 181492K [0x00000000ea200000, 0x00000000fcade000, 0x0000000100000000)
GC Heap History (10 events):
Event: 13225.409 GC heap before
{Heap before GC invocations=747 (full 20):
 par new generation   total 230400K, used 207469K [0x00000000bb400000, 0x00000000cae00000, 0x00000000cae00000)
  eden space 204800K, 100% used [0x00000000bb400000, 0x00000000c7c00000, 0x00000000c7c00000)
  from space 25600K,  10% used [0x00000000c7c00000, 0x00000000c7e9b400, 0x00000000c9500000)
  to   space 25600K,   0% used [0x00000000c9500000, 0x00000000c9500000, 0x00000000cae00000)
 concurrent mark-sweep generation total 512000K, used 289253K [0x00000000cae00000, 0x00000000ea200000, 0x00000000ea200000)
 concurrent-mark-sweep perm gen total 303992K, used 184413K [0x00000000ea200000, 0x00000000fcade000, 0x0000000100000000)
Event: 13225.464 GC heap after
Heap after GC invocations=748 (full 20):
 par new generation   total 230400K, used 3769K [0x00000000bb400000, 0x00000000cae00000, 0x00000000cae00000)
  eden space 204800K,   0% used [0x00000000bb400000, 0x00000000bb400000, 0x00000000c7c00000)
  from space 25600K,  14% used [0x00000000c9500000, 0x00000000c98ae670, 0x00000000cae00000)
  to   space 25600K,   0% used [0x00000000c7c00000, 0x00000000c7c00000, 0x00000000c9500000)
 concurrent mark-sweep generation total 512000K, used 289294K [0x00000000cae00000, 0x00000000ea200000, 0x00000000ea200000)
 concurrent-mark-sweep perm gen total 303992K, used 184413K [0x00000000ea200000, 0x00000000fcade000, 0x0000000100000000)
}
Event: 15828.531 GC heap before
{Heap before GC invocations=748 (full 20):
 par new generation   total 230400K, used 158581K [0x00000000bb400000, 0x00000000cae00000, 0x00000000cae00000)
  eden space 204800K,  75% used [0x00000000bb400000, 0x00000000c4b2f168, 0x00000000c7c00000)
  from space 25600K,  14% used [0x00000000c9500000, 0x00000000c98ae670, 0x00000000cae00000)
  to   space 25600K,   0% used [0x00000000c7c00000, 0x00000000c7c00000, 0x00000000c9500000)
 concurrent mark-sweep generation total 512000K, used 289294K [0x00000000cae00000, 0x00000000ea200000, 0x00000000ea200000)
 concurrent-mark-sweep perm gen total 303992K, used 184530K [0x00000000ea200000, 0x00000000fcade000, 0x0000000100000000)
Event: 15834.182 GC heap after
Heap after GC invocations=749 (full 21):
 par new generation   total 230400K, used 0K [0x00000000bb400000, 0x00000000cae00000, 0x00000000cae00000)
  eden space 204800K,   0% used [0x00000000bb400000, 0x00000000bb400000, 0x00000000c7c00000)
  from space 25600K,   0% used [0x00000000c9500000, 0x00000000c9500000, 0x00000000cae00000)
  to   space 25600K,   0% used [0x00000000c7c00000, 0x00000000c7c00000, 0x00000000c9500000)
 concurrent mark-sweep generation total 512000K, used 187044K [0x00000000cae00000, 0x00000000ea200000, 0x00000000ea200000)
 concurrent-mark-sweep perm gen total 303992K, used 181576K [0x00000000ea200000, 0x00000000fcade000, 0x0000000100000000)
}
Event: 19434.184 GC heap before
{Heap before GC invocations=749 (full 21):
 par new generation   total 230400K, used 183153K [0x00000000bb400000, 0x00000000cae00000, 0x00000000cae00000)
  eden space 204800K,  89% used [0x00000000bb400000, 0x00000000c66dc5a8, 0x00000000c7c00000)
  from space 25600K,   0% used [0x00000000c9500000, 0x00000000c9500000, 0x00000000cae00000)
  to   space 25600K,   0% used [0x00000000c7c00000, 0x00000000c7c00000, 0x00000000c9500000)
 concurrent mark-sweep generation total 512000K, used 187044K [0x00000000cae00000, 0x00000000ea200000, 0x00000000ea200000)
 concurrent-mark-sweep perm gen total 303992K, used 181713K [0x00000000ea200000, 0x00000000fcade000, 0x0000000100000000)
Event: 19437.410 GC heap after
Heap after GC invocations=750 (full 22):
 par new generation   total 230400K, used 0K [0x00000000bb400000, 0x00000000cae00000, 0x00000000cae00000)
  eden space 204800K,   0% used [0x00000000bb400000, 0x00000000bb400000, 0x00000000c7c00000)
  from space 25600K,   0% used [0x00000000c9500000, 0x00000000c9500000, 0x00000000cae00000)
  to   space 25600K,   0% used [0x00000000c7c00000, 0x00000000c7c00000, 0x00000000c9500000)
 concurrent mark-sweep generation total 512000K, used 186831K [0x00000000cae00000, 0x00000000ea200000, 0x00000000ea200000)
 concurrent-mark-sweep perm gen total 303992K, used 181713K [0x00000000ea200000, 0x00000000fcade000, 0x0000000100000000)
}
Event: 23037.412 GC heap before
{Heap before GC invocations=750 (full 22):
 par new generation   total 230400K, used 170552K [0x00000000bb400000, 0x00000000cae00000, 0x00000000cae00000)
  eden space 204800K,  83% used [0x00000000bb400000, 0x00000000c5a8e178, 0x00000000c7c00000)
  from space 25600K,   0% used [0x00000000c9500000, 0x00000000c9500000, 0x00000000cae00000)
  to   space 25600K,   0% used [0x00000000c7c00000, 0x00000000c7c00000, 0x00000000c9500000)
 concurrent mark-sweep generation total 512000K, used 186831K [0x00000000cae00000, 0x00000000ea200000, 0x00000000ea200000)
 concurrent-mark-sweep perm gen total 303992K, used 181713K [0x00000000ea200000, 0x00000000fcade000, 0x0000000100000000)
Event: 23040.688 GC heap after
Heap after GC invocations=751 (full 23):
 par new generation   total 230400K, used 0K [0x00000000bb400000, 0x00000000cae00000, 0x00000000cae00000)
  eden space 204800K,   0% used [0x00000000bb400000, 0x00000000bb400000, 0x00000000c7c00000)
  from space 25600K,   0% used [0x00000000c9500000, 0x00000000c9500000, 0x00000000cae00000)
  to   space 25600K,   0% used [0x00000000c7c00000, 0x00000000c7c00000, 0x00000000c9500000)
 concurrent mark-sweep generation total 512000K, used 185124K [0x00000000cae00000, 0x00000000ea200000, 0x00000000ea200000)
 concurrent-mark-sweep perm gen total 303992K, used 181374K [0x00000000ea200000, 0x00000000fcade000, 0x0000000100000000)
}
Event: 26203.394 GC heap before
{Heap before GC invocations=751 (full 23):
 par new generation   total 230400K, used 204800K [0x00000000bb400000, 0x00000000cae00000, 0x00000000cae00000)
  eden space 204800K, 100% used [0x00000000bb400000, 0x00000000c7c00000, 0x00000000c7c00000)
  from space 25600K,   0% used [0x00000000c9500000, 0x00000000c9500000, 0x00000000cae00000)
  to   space 25600K,   0% used [0x00000000c7c00000, 0x00000000c7c00000, 0x00000000c9500000)
 concurrent mark-sweep generation total 512000K, used 185124K [0x00000000cae00000, 0x00000000ea200000, 0x00000000ea200000)
 concurrent-mark-sweep perm gen total 303992K, used 181441K [0x00000000ea200000, 0x00000000fcade000, 0x0000000100000000)
Event: 26203.440 GC heap after
Heap after GC invocations=752 (full 23):
 par new generation   total 230400K, used 3052K [0x00000000bb400000, 0x00000000cae00000, 0x00000000cae00000)
  eden space 204800K,   0% used [0x00000000bb400000, 0x00000000bb400000, 0x00000000c7c00000)
  from space 25600K,  11% used [0x00000000c7c00000, 0x00000000c7efb1b0, 0x00000000c9500000)
  to   space 25600K,   0% used [0x00000000c9500000, 0x00000000c9500000, 0x00000000cae00000)
 concurrent mark-sweep generation total 512000K, used 185124K [0x00000000cae00000, 0x00000000ea200000, 0x00000000ea200000)
 concurrent-mark-sweep perm gen total 303992K, used 181441K [0x00000000ea200000, 0x00000000fcade000, 0x0000000100000000)
}

