# JRE version: Java(TM) SE Runtime Environment (7.0_40-b43) (build 1.7.0_40-b43)
# Java VM: Java HotSpot(TM) 64-Bit Server VM (24.0-b56 mixed mode linux-amd64 compressed oops)
Heap
 par new generation   total 230400K, used 74372K [0x00000000bb400000, 0x00000000cae00000, 0x00000000cae00000)
  eden space 204800K,  32% used [0x00000000bb400000, 0x00000000bf53e070, 0x00000000c7c00000)
  from space 25600K,  29% used [0x00000000c9500000, 0x00000000c9c63368, 0x00000000cae00000)
  to   space 25600K,   0% used [0x00000000c7c00000, 0x00000000c7c00000, 0x00000000c9500000)
 concurrent mark-sweep generation total 512000K, used 387926K [0x00000000cae00000, 0x00000000ea200000, 0x00000000ea200000)
 concurrent-mark-sweep perm gen total 267472K, used 172107K [0x00000000ea200000, 0x00000000fa734000, 0x0000000100000000)
GC Heap History (10 events):
Event: 2718.854 GC heap before
{Heap before GC invocations=312 (full 15):
 par new generation   total 230400K, used 230400K [0x00000000bb400000, 0x00000000cae00000, 0x00000000cae00000)
  eden space 204800K, 100% used [0x00000000bb400000, 0x00000000c7c00000, 0x00000000c7c00000)
  from space 25600K, 100% used [0x00000000c7c00000, 0x00000000c9500000, 0x00000000c9500000)
  to   space 25600K,   0% used [0x00000000c9500000, 0x00000000c9500000, 0x00000000cae00000)
 concurrent mark-sweep generation total 512000K, used 327417K [0x00000000cae00000, 0x00000000ea200000, 0x00000000ea200000)
 concurrent-mark-sweep perm gen total 267472K, used 171896K [0x00000000ea200000, 0x00000000fa734000, 0x0000000100000000)
Event: 2719.161 GC heap after
Heap after GC invocations=313 (full 15):
 par new generation   total 230400K, used 25599K [0x00000000bb400000, 0x00000000cae00000, 0x00000000cae00000)
  eden space 204800K,   0% used [0x00000000bb400000, 0x00000000bb400000, 0x00000000c7c00000)
  from space 25600K,  99% used [0x00000000c9500000, 0x00000000cadffff8, 0x00000000cae00000)
  to   space 25600K,   0% used [0x00000000c7c00000, 0x00000000c7c00000, 0x00000000c9500000)
 concurrent mark-sweep generation total 512000K, used 351261K [0x00000000cae00000, 0x00000000ea200000, 0x00000000ea200000)
 concurrent-mark-sweep perm gen total 267472K, used 171896K [0x00000000ea200000, 0x00000000fa734000, 0x0000000100000000)
}
Event: 2736.202 GC heap before
{Heap before GC invocations=313 (full 15):
 par new generation   total 230400K, used 230399K [0x00000000bb400000, 0x00000000cae00000, 0x00000000cae00000)
  eden space 204800K, 100% used [0x00000000bb400000, 0x00000000c7c00000, 0x00000000c7c00000)
  from space 25600K,  99% used [0x00000000c9500000, 0x00000000cadffff8, 0x00000000cae00000)
  to   space 25600K,   0% used [0x00000000c7c00000, 0x00000000c7c00000, 0x00000000c9500000)
 concurrent mark-sweep generation total 512000K, used 351261K [0x00000000cae00000, 0x00000000ea200000, 0x00000000ea200000)
 concurrent-mark-sweep perm gen total 267472K, used 171989K [0x00000000ea200000, 0x00000000fa734000, 0x0000000100000000)
Event: 2736.272 GC heap after
Heap after GC invocations=314 (full 15):
 par new generation   total 230400K, used 23114K [0x00000000bb400000, 0x00000000cae00000, 0x00000000cae00000)
  eden space 204800K,   0% used [0x00000000bb400000, 0x00000000bb400000, 0x00000000c7c00000)
  from space 25600K,  90% used [0x00000000c7c00000, 0x00000000c9292850, 0x00000000c9500000)
  to   space 25600K,   0% used [0x00000000c9500000, 0x00000000c9500000, 0x00000000cae00000)
 concurrent mark-sweep generation total 512000K, used 351261K [0x00000000cae00000, 0x00000000ea200000, 0x00000000ea200000)
 concurrent-mark-sweep perm gen total 267472K, used 171989K [0x00000000ea200000, 0x00000000fa734000, 0x0000000100000000)
}
Event: 2751.657 GC heap before
{Heap before GC invocations=314 (full 15):
 par new generation   total 230400K, used 227914K [0x00000000bb400000, 0x00000000cae00000, 0x00000000cae00000)
  eden space 204800K, 100% used [0x00000000bb400000, 0x00000000c7c00000, 0x00000000c7c00000)
  from space 25600K,  90% used [0x00000000c7c00000, 0x00000000c9292850, 0x00000000c9500000)
  to   space 25600K,   0% used [0x00000000c9500000, 0x00000000c9500000, 0x00000000cae00000)
 concurrent mark-sweep generation total 512000K, used 351261K [0x00000000cae00000, 0x00000000ea200000, 0x00000000ea200000)
 concurrent-mark-sweep perm gen total 267472K, used 172051K [0x00000000ea200000, 0x00000000fa734000, 0x0000000100000000)
Event: 2751.773 GC heap after
Heap after GC invocations=315 (full 15):
 par new generation   total 230400K, used 25133K [0x00000000bb400000, 0x00000000cae00000, 0x00000000cae00000)
  eden space 204800K,   0% used [0x00000000bb400000, 0x00000000bb400000, 0x00000000c7c00000)
  from space 25600K,  98% used [0x00000000c9500000, 0x00000000cad8b5e0, 0x00000000cae00000)
  to   space 25600K,   0% used [0x00000000c7c00000, 0x00000000c7c00000, 0x00000000c9500000)
 concurrent mark-sweep generation total 512000K, used 368007K [0x00000000cae00000, 0x00000000ea200000, 0x00000000ea200000)
 concurrent-mark-sweep perm gen total 267472K, used 172051K [0x00000000ea200000, 0x00000000fa734000, 0x0000000100000000)
}
Event: 2768.402 GC heap before
{Heap before GC invocations=315 (full 15):
 par new generation   total 230400K, used 229933K [0x00000000bb400000, 0x00000000cae00000, 0x00000000cae00000)
  eden space 204800K, 100% used [0x00000000bb400000, 0x00000000c7c00000, 0x00000000c7c00000)
  from space 25600K,  98% used [0x00000000c9500000, 0x00000000cad8b5e0, 0x00000000cae00000)
  to   space 25600K,   0% used [0x00000000c7c00000, 0x00000000c7c00000, 0x00000000c9500000)
 concurrent mark-sweep generation total 512000K, used 368007K [0x00000000cae00000, 0x00000000ea200000, 0x00000000ea200000)
 concurrent-mark-sweep perm gen total 267472K, used 172051K [0x00000000ea200000, 0x00000000fa734000, 0x0000000100000000)
Event: 2768.500 GC heap after
Heap after GC invocations=316 (full 15):
 par new generation   total 230400K, used 7904K [0x00000000bb400000, 0x00000000cae00000, 0x00000000cae00000)
  eden space 204800K,   0% used [0x00000000bb400000, 0x00000000bb400000, 0x00000000c7c00000)
  from space 25600K,  30% used [0x00000000c7c00000, 0x00000000c83b8090, 0x00000000c9500000)
  to   space 25600K,   0% used [0x00000000c9500000, 0x00000000c9500000, 0x00000000cae00000)
 concurrent mark-sweep generation total 512000K, used 387926K [0x00000000cae00000, 0x00000000ea200000, 0x00000000ea200000)
 concurrent-mark-sweep perm gen total 267472K, used 172051K [0x00000000ea200000, 0x00000000fa734000, 0x0000000100000000)
}
Event: 3080.286 GC heap before
{Heap before GC invocations=316 (full 15):
 par new generation   total 230400K, used 212704K [0x00000000bb400000, 0x00000000cae00000, 0x00000000cae00000)
  eden space 204800K, 100% used [0x00000000bb400000, 0x00000000c7c00000, 0x00000000c7c00000)
  from space 25600K,  30% used [0x00000000c7c00000, 0x00000000c83b8090, 0x00000000c9500000)
  to   space 25600K,   0% used [0x00000000c9500000, 0x00000000c9500000, 0x00000000cae00000)
 concurrent mark-sweep generation total 512000K, used 387926K [0x00000000cae00000, 0x00000000ea200000, 0x00000000ea200000)
 concurrent-mark-sweep perm gen total 267472K, used 172073K [0x00000000ea200000, 0x00000000fa734000, 0x0000000100000000)
Event: 3080.330 GC heap after
Heap after GC invocations=317 (full 15):
 par new generation   total 230400K, used 7564K [0x00000000bb400000, 0x00000000cae00000, 0x00000000cae00000)
  eden space 204800K,   0% used [0x00000000bb400000, 0x00000000bb400000, 0x00000000c7c00000)
  from space 25600K,  29% used [0x00000000c9500000, 0x00000000c9c63368, 0x00000000cae00000)
  to   space 25600K,   0% used [0x00000000c7c00000, 0x00000000c7c00000, 0x00000000c9500000)
 concurrent mark-sweep generation total 512000K, used 387926K [0x00000000cae00000, 0x00000000ea200000, 0x00000000ea200000)
 concurrent-mark-sweep perm gen total 267472K, used 172073K [0x00000000ea200000, 0x00000000fa734000, 0x0000000100000000)
}

