# JRE version: Java(TM) SE Runtime Environment (7.0_40-b43) (build 1.7.0_40-b43)
# Java VM: Java HotSpot(TM) 64-Bit Server VM (24.0-b56 mixed mode linux-amd64 compressed oops)
Heap
 par new generation   total 39296K, used 4239K [0x00000000bb400000, 0x00000000bdea0000, 0x00000000cae00000)
  eden space 34944K,   3% used [0x00000000bb400000, 0x00000000bb535828, 0x00000000bd620000)
  from space 4352K,  68% used [0x00000000bda60000, 0x00000000bdd4e6f0, 0x00000000bdea0000)
  to   space 4352K,   0% used [0x00000000bd620000, 0x00000000bd620000, 0x00000000bda60000)
 concurrent mark-sweep generation total 422684K, used 259716K [0x00000000cae00000, 0x00000000e4ac7000, 0x00000000ea200000)
 concurrent-mark-sweep perm gen total 293680K, used 176260K [0x00000000ea200000, 0x00000000fc0cc000, 0x0000000100000000)
GC Heap History (10 events):
Event: 2001.296 GC heap before
{Heap before GC invocations=376 (full 15):
 par new generation   total 39296K, used 38877K [0x00000000bb400000, 0x00000000bdea0000, 0x00000000cae00000)
  eden space 34944K, 100% used [0x00000000bb400000, 0x00000000bd620000, 0x00000000bd620000)
  from space 4352K,  90% used [0x00000000bd620000, 0x00000000bd9f7688, 0x00000000bda60000)
  to   space 4352K,   0% used [0x00000000bda60000, 0x00000000bda60000, 0x00000000bdea0000)
 concurrent mark-sweep generation total 416008K, used 360948K [0x00000000cae00000, 0x00000000e4442000, 0x00000000ea200000)
 concurrent-mark-sweep perm gen total 288800K, used 176205K [0x00000000ea200000, 0x00000000fbc08000, 0x0000000100000000)
Event: 2001.310 GC heap after
Heap after GC invocations=377 (full 15):
 par new generation   total 39296K, used 4352K [0x00000000bb400000, 0x00000000bdea0000, 0x00000000cae00000)
  eden space 34944K,   0% used [0x00000000bb400000, 0x00000000bb400000, 0x00000000bd620000)
  from space 4352K, 100% used [0x00000000bda60000, 0x00000000bdea0000, 0x00000000bdea0000)
  to   space 4352K,   0% used [0x00000000bd620000, 0x00000000bd620000, 0x00000000bda60000)
 concurrent mark-sweep generation total 416008K, used 363047K [0x00000000cae00000, 0x00000000e4442000, 0x00000000ea200000)
 concurrent-mark-sweep perm gen total 288800K, used 176205K [0x00000000ea200000, 0x00000000fbc08000, 0x0000000100000000)
}
Event: 2002.077 GC heap before
{Heap before GC invocations=377 (full 15):
 par new generation   total 39296K, used 39296K [0x00000000bb400000, 0x00000000bdea0000, 0x00000000cae00000)
  eden space 34944K, 100% used [0x00000000bb400000, 0x00000000bd620000, 0x00000000bd620000)
  from space 4352K, 100% used [0x00000000bda60000, 0x00000000bdea0000, 0x00000000bdea0000)
  to   space 4352K,   0% used [0x00000000bd620000, 0x00000000bd620000, 0x00000000bda60000)
 concurrent mark-sweep generation total 422684K, used 253618K [0x00000000cae00000, 0x00000000e4ac7000, 0x00000000ea200000)
 concurrent-mark-sweep perm gen total 293680K, used 176205K [0x00000000ea200000, 0x00000000fc0cc000, 0x0000000100000000)
Event: 2002.100 GC heap after
Heap after GC invocations=378 (full 15):
 par new generation   total 39296K, used 3660K [0x00000000bb400000, 0x00000000bdea0000, 0x00000000cae00000)
  eden space 34944K,   0% used [0x00000000bb400000, 0x00000000bb400000, 0x00000000bd620000)
  from space 4352K,  84% used [0x00000000bd620000, 0x00000000bd9b32d0, 0x00000000bda60000)
  to   space 4352K,   0% used [0x00000000bda60000, 0x00000000bda60000, 0x00000000bdea0000)
 concurrent mark-sweep generation total 422684K, used 257680K [0x00000000cae00000, 0x00000000e4ac7000, 0x00000000ea200000)
 concurrent-mark-sweep perm gen total 293680K, used 176205K [0x00000000ea200000, 0x00000000fc0cc000, 0x0000000100000000)
}
Event: 2002.281 GC heap before
{Heap before GC invocations=378 (full 15):
 par new generation   total 39296K, used 38604K [0x00000000bb400000, 0x00000000bdea0000, 0x00000000cae00000)
  eden space 34944K, 100% used [0x00000000bb400000, 0x00000000bd620000, 0x00000000bd620000)
  from space 4352K,  84% used [0x00000000bd620000, 0x00000000bd9b32d0, 0x00000000bda60000)
  to   space 4352K,   0% used [0x00000000bda60000, 0x00000000bda60000, 0x00000000bdea0000)
 concurrent mark-sweep generation total 422684K, used 257680K [0x00000000cae00000, 0x00000000e4ac7000, 0x00000000ea200000)
 concurrent-mark-sweep perm gen total 293680K, used 176206K [0x00000000ea200000, 0x00000000fc0cc000, 0x0000000100000000)
Event: 2002.289 GC heap after
Heap after GC invocations=379 (full 15):
 par new generation   total 39296K, used 3161K [0x00000000bb400000, 0x00000000bdea0000, 0x00000000cae00000)
  eden space 34944K,   0% used [0x00000000bb400000, 0x00000000bb400000, 0x00000000bd620000)
  from space 4352K,  72% used [0x00000000bda60000, 0x00000000bdd76680, 0x00000000bdea0000)
  to   space 4352K,   0% used [0x00000000bd620000, 0x00000000bd620000, 0x00000000bda60000)
 concurrent mark-sweep generation total 422684K, used 257680K [0x00000000cae00000, 0x00000000e4ac7000, 0x00000000ea200000)
 concurrent-mark-sweep perm gen total 293680K, used 176206K [0x00000000ea200000, 0x00000000fc0cc000, 0x0000000100000000)
}
Event: 5003.375 GC heap before
{Heap before GC invocations=379 (full 15):
 par new generation   total 39296K, used 38105K [0x00000000bb400000, 0x00000000bdea0000, 0x00000000cae00000)
  eden space 34944K, 100% used [0x00000000bb400000, 0x00000000bd620000, 0x00000000bd620000)
  from space 4352K,  72% used [0x00000000bda60000, 0x00000000bdd76680, 0x00000000bdea0000)
  to   space 4352K,   0% used [0x00000000bd620000, 0x00000000bd620000, 0x00000000bda60000)
 concurrent mark-sweep generation total 422684K, used 257680K [0x00000000cae00000, 0x00000000e4ac7000, 0x00000000ea200000)
 concurrent-mark-sweep perm gen total 293680K, used 176243K [0x00000000ea200000, 0x00000000fc0cc000, 0x0000000100000000)
Event: 5003.393 GC heap after
Heap after GC invocations=380 (full 15):
 par new generation   total 39296K, used 3615K [0x00000000bb400000, 0x00000000bdea0000, 0x00000000cae00000)
  eden space 34944K,   0% used [0x00000000bb400000, 0x00000000bb400000, 0x00000000bd620000)
  from space 4352K,  83% used [0x00000000bd620000, 0x00000000bd9a7ce0, 0x00000000bda60000)
  to   space 4352K,   0% used [0x00000000bda60000, 0x00000000bda60000, 0x00000000bdea0000)
 concurrent mark-sweep generation total 422684K, used 258400K [0x00000000cae00000, 0x00000000e4ac7000, 0x00000000ea200000)
 concurrent-mark-sweep perm gen total 293680K, used 176243K [0x00000000ea200000, 0x00000000fc0cc000, 0x0000000100000000)
}
Event: 5041.845 GC heap before
{Heap before GC invocations=380 (full 15):
 par new generation   total 39296K, used 38559K [0x00000000bb400000, 0x00000000bdea0000, 0x00000000cae00000)
  eden space 34944K, 100% used [0x00000000bb400000, 0x00000000bd620000, 0x00000000bd620000)
  from space 4352K,  83% used [0x00000000bd620000, 0x00000000bd9a7ce0, 0x00000000bda60000)
  to   space 4352K,   0% used [0x00000000bda60000, 0x00000000bda60000, 0x00000000bdea0000)
 concurrent mark-sweep generation total 422684K, used 258400K [0x00000000cae00000, 0x00000000e4ac7000, 0x00000000ea200000)
 concurrent-mark-sweep perm gen total 293680K, used 176251K [0x00000000ea200000, 0x00000000fc0cc000, 0x0000000100000000)
Event: 5041.856 GC heap after
Heap after GC invocations=381 (full 15):
 par new generation   total 39296K, used 3001K [0x00000000bb400000, 0x00000000bdea0000, 0x00000000cae00000)
  eden space 34944K,   0% used [0x00000000bb400000, 0x00000000bb400000, 0x00000000bd620000)
  from space 4352K,  68% used [0x00000000bda60000, 0x00000000bdd4e6f0, 0x00000000bdea0000)
  to   space 4352K,   0% used [0x00000000bd620000, 0x00000000bd620000, 0x00000000bda60000)
 concurrent mark-sweep generation total 422684K, used 259716K [0x00000000cae00000, 0x00000000e4ac7000, 0x00000000ea200000)
 concurrent-mark-sweep perm gen total 293680K, used 176251K [0x00000000ea200000, 0x00000000fc0cc000, 0x0000000100000000)
}

