# JRE version: Java(TM) SE Runtime Environment (7.0_40-b43) (build 1.7.0_40-b43)
# Java VM: Java HotSpot(TM) 64-Bit Server VM (24.0-b56 mixed mode linux-amd64 compressed oops)
Heap
 par new generation   total 230400K, used 80465K [0x00000000bb400000, 0x00000000cae00000, 0x00000000cae00000)
  eden space 204800K,  38% used [0x00000000bb400000, 0x00000000c00e30e8, 0x00000000c7c00000)
  from space 25600K,   6% used [0x00000000c7c00000, 0x00000000c7db14b8, 0x00000000c9500000)
  to   space 25600K,   0% used [0x00000000c9500000, 0x00000000c9500000, 0x00000000cae00000)
 concurrent mark-sweep generation total 512000K, used 231891K [0x00000000cae00000, 0x00000000ea200000, 0x00000000ea200000)
 concurrent-mark-sweep perm gen total 311268K, used 179967K [0x00000000ea200000, 0x00000000fd1f9000, 0x0000000100000000)
GC Heap History (10 events):
Event: 14374.924 GC heap before
{Heap before GC invocations=1595 (full 20):
 par new generation   total 230400K, used 211306K [0x00000000bb400000, 0x00000000cae00000, 0x00000000cae00000)
  eden space 204800K, 100% used [0x00000000bb400000, 0x00000000c7c00000, 0x00000000c7c00000)
  from space 25600K,  25% used [0x00000000c9500000, 0x00000000c9b5aac0, 0x00000000cae00000)
  to   space 25600K,   0% used [0x00000000c7c00000, 0x00000000c7c00000, 0x00000000c9500000)
 concurrent mark-sweep generation total 512000K, used 278325K [0x00000000cae00000, 0x00000000ea200000, 0x00000000ea200000)
 concurrent-mark-sweep perm gen total 311268K, used 180042K [0x00000000ea200000, 0x00000000fd1f9000, 0x0000000100000000)
Event: 14374.935 GC heap after
Heap after GC invocations=1596 (full 20):
 par new generation   total 230400K, used 8435K [0x00000000bb400000, 0x00000000cae00000, 0x00000000cae00000)
  eden space 204800K,   0% used [0x00000000bb400000, 0x00000000bb400000, 0x00000000c7c00000)
  from space 25600K,  32% used [0x00000000c7c00000, 0x00000000c843cf20, 0x00000000c9500000)
  to   space 25600K,   0% used [0x00000000c9500000, 0x00000000c9500000, 0x00000000cae00000)
 concurrent mark-sweep generation total 512000K, used 278325K [0x00000000cae00000, 0x00000000ea200000, 0x00000000ea200000)
 concurrent-mark-sweep perm gen total 311268K, used 180042K [0x00000000ea200000, 0x00000000fd1f9000, 0x0000000100000000)
}
Event: 14412.590 GC heap before
{Heap before GC invocations=1596 (full 20):
 par new generation   total 230400K, used 19713K [0x00000000bb400000, 0x00000000cae00000, 0x00000000cae00000)
  eden space 204800K,   5% used [0x00000000bb400000, 0x00000000bbf03890, 0x00000000c7c00000)
  from space 25600K,  32% used [0x00000000c7c00000, 0x00000000c843cf20, 0x00000000c9500000)
  to   space 25600K,   0% used [0x00000000c9500000, 0x00000000c9500000, 0x00000000cae00000)
 concurrent mark-sweep generation total 512000K, used 278325K [0x00000000cae00000, 0x00000000ea200000, 0x00000000ea200000)
 concurrent-mark-sweep perm gen total 311268K, used 180042K [0x00000000ea200000, 0x00000000fd1f9000, 0x0000000100000000)
Event: 14413.602 GC heap after
Heap after GC invocations=1597 (full 21):
 par new generation   total 230400K, used 0K [0x00000000bb400000, 0x00000000cae00000, 0x00000000cae00000)
  eden space 204800K,   0% used [0x00000000bb400000, 0x00000000bb400000, 0x00000000c7c00000)
  from space 25600K,   0% used [0x00000000c7c00000, 0x00000000c7c00000, 0x00000000c9500000)
  to   space 25600K,   0% used [0x00000000c9500000, 0x00000000c9500000, 0x00000000cae00000)
 concurrent mark-sweep generation total 512000K, used 233258K [0x00000000cae00000, 0x00000000ea200000, 0x00000000ea200000)
 concurrent-mark-sweep perm gen total 311268K, used 179903K [0x00000000ea200000, 0x00000000fd1f9000, 0x0000000100000000)
}
Event: 16583.579 GC heap before
{Heap before GC invocations=1597 (full 21):
 par new generation   total 230400K, used 204800K [0x00000000bb400000, 0x00000000cae00000, 0x00000000cae00000)
  eden space 204800K, 100% used [0x00000000bb400000, 0x00000000c7c00000, 0x00000000c7c00000)
  from space 25600K,   0% used [0x00000000c7c00000, 0x00000000c7c00000, 0x00000000c9500000)
  to   space 25600K,   0% used [0x00000000c9500000, 0x00000000c9500000, 0x00000000cae00000)
 concurrent mark-sweep generation total 512000K, used 233258K [0x00000000cae00000, 0x00000000ea200000, 0x00000000ea200000)
 concurrent-mark-sweep perm gen total 311268K, used 179912K [0x00000000ea200000, 0x00000000fd1f9000, 0x0000000100000000)
Event: 16583.590 GC heap after
Heap after GC invocations=1598 (full 21):
 par new generation   total 230400K, used 2355K [0x00000000bb400000, 0x00000000cae00000, 0x00000000cae00000)
  eden space 204800K,   0% used [0x00000000bb400000, 0x00000000bb400000, 0x00000000c7c00000)
  from space 25600K,   9% used [0x00000000c9500000, 0x00000000c974cc60, 0x00000000cae00000)
  to   space 25600K,   0% used [0x00000000c7c00000, 0x00000000c7c00000, 0x00000000c9500000)
 concurrent mark-sweep generation total 512000K, used 233258K [0x00000000cae00000, 0x00000000ea200000, 0x00000000ea200000)
 concurrent-mark-sweep perm gen total 311268K, used 179912K [0x00000000ea200000, 0x00000000fd1f9000, 0x0000000100000000)
}
Event: 18013.603 GC heap before
{Heap before GC invocations=1598 (full 21):
 par new generation   total 230400K, used 163247K [0x00000000bb400000, 0x00000000cae00000, 0x00000000cae00000)
  eden space 204800K,  78% used [0x00000000bb400000, 0x00000000c511f0e0, 0x00000000c7c00000)
  from space 25600K,   9% used [0x00000000c9500000, 0x00000000c974cc60, 0x00000000cae00000)
  to   space 25600K,   0% used [0x00000000c7c00000, 0x00000000c7c00000, 0x00000000c9500000)
 concurrent mark-sweep generation total 512000K, used 233258K [0x00000000cae00000, 0x00000000ea200000, 0x00000000ea200000)
 concurrent-mark-sweep perm gen total 311268K, used 179959K [0x00000000ea200000, 0x00000000fd1f9000, 0x0000000100000000)
Event: 18014.633 GC heap after
Heap after GC invocations=1599 (full 22):
 par new generation   total 230400K, used 0K [0x00000000bb400000, 0x00000000cae00000, 0x00000000cae00000)
  eden space 204800K,   0% used [0x00000000bb400000, 0x00000000bb400000, 0x00000000c7c00000)
  from space 25600K,   0% used [0x00000000c9500000, 0x00000000c9500000, 0x00000000cae00000)
  to   space 25600K,   0% used [0x00000000c7c00000, 0x00000000c7c00000, 0x00000000c9500000)
 concurrent mark-sweep generation total 512000K, used 231891K [0x00000000cae00000, 0x00000000ea200000, 0x00000000ea200000)
 concurrent-mark-sweep perm gen total 311268K, used 179621K [0x00000000ea200000, 0x00000000fd1f9000, 0x0000000100000000)
}
Event: 19197.503 GC heap before
{Heap before GC invocations=1599 (full 22):
 par new generation   total 230400K, used 204800K [0x00000000bb400000, 0x00000000cae00000, 0x00000000cae00000)
  eden space 204800K, 100% used [0x00000000bb400000, 0x00000000c7c00000, 0x00000000c7c00000)
  from space 25600K,   0% used [0x00000000c9500000, 0x00000000c9500000, 0x00000000cae00000)
  to   space 25600K,   0% used [0x00000000c7c00000, 0x00000000c7c00000, 0x00000000c9500000)
 concurrent mark-sweep generation total 512000K, used 231891K [0x00000000cae00000, 0x00000000ea200000, 0x00000000ea200000)
 concurrent-mark-sweep perm gen total 311268K, used 179737K [0x00000000ea200000, 0x00000000fd1f9000, 0x0000000100000000)
Event: 19197.515 GC heap after
Heap after GC invocations=1600 (full 22):
 par new generation   total 230400K, used 1733K [0x00000000bb400000, 0x00000000cae00000, 0x00000000cae00000)
  eden space 204800K,   0% used [0x00000000bb400000, 0x00000000bb400000, 0x00000000c7c00000)
  from space 25600K,   6% used [0x00000000c7c00000, 0x00000000c7db14b8, 0x00000000c9500000)
  to   space 25600K,   0% used [0x00000000c9500000, 0x00000000c9500000, 0x00000000cae00000)
 concurrent mark-sweep generation total 512000K, used 231891K [0x00000000cae00000, 0x00000000ea200000, 0x00000000ea200000)
 concurrent-mark-sweep perm gen total 311268K, used 179737K [0x00000000ea200000, 0x00000000fd1f9000, 0x0000000100000000)
}

